# JRE version: OpenJDK Runtime Environment Temurin-23+37 (23.0+37) (build 23+37)
# Java VM: OpenJDK 64-Bit Server VM Temurin-23+37 (23+37, mixed mode, sharing, tiered, compressed oops, compressed class ptrs, g1 gc, windows-amd64)
GC Precious Log:
 CardTable entry size: 512
 Card Set container configuration: InlinePtr #cards 5 size 8 Array Of Cards #cards 10 size 36 Howl #buckets 4 coarsen threshold 1843 Howl Bitmap #cards 512 size 80 coarsen threshold 460 Card regions per heap region 1 cards per card region 2048
 CPUs: 16 total, 16 available
 Memory: 7968M
 Large Page Support: Disabled
 NUMA Support: Disabled
 Compressed Oops: Enabled (32-bit)
 Heap Region Size: 1M
 Heap Min Capacity: 8M
 Heap Initial Capacity: 126M
 Heap Max Capacity: 1994M
 Pre-touch: Disabled
 Parallel Workers: 13
 Concurrent Workers: 3
 Concurrent Refinement Workers: 13
 Periodic GC: Disabled
Heap:
 garbage-first heap   total reserved 2041856K, committed 65536K, used 36629K [0x0000000083600000, 0x0000000100000000)
  region size 1024K, 11 young (11264K), 1 survivors (1024K)
 Metaspace       used 51951K, committed 52544K, reserved 1114112K
  class space    used 6671K, committed 7040K, reserved 1048576K
GC Heap History (20 events):
Event: 5000.787 GC heap before
{Heap before GC invocations=18 (full 0):
 garbage-first heap   total reserved 2041856K, committed 65536K, used 59063K [0x0000000083600000, 0x0000000100000000)
  region size 1024K, 31 young (31744K), 1 survivors (1024K)
 Metaspace       used 51179K, committed 51904K, reserved 1114112K
  class space    used 6652K, committed 7040K, reserved 1048576K
}
Event: 5000.833 GC heap after
{Heap after GC invocations=19 (full 0):
 garbage-first heap   total reserved 2041856K, committed 65536K, used 28415K [0x0000000083600000, 0x0000000100000000)
  region size 1024K, 1 young (1024K), 1 survivors (1024K)
 Metaspace       used 51179K, committed 51904K, reserved 1114112K
  class space    used 6652K, committed 7040K, reserved 1048576K
}
Event: 6114.206 GC heap before
{Heap before GC invocations=19 (full 0):
 garbage-first heap   total reserved 2041856K, committed 65536K, used 58111K [0x0000000083600000, 0x0000000100000000)
  region size 1024K, 31 young (31744K), 1 survivors (1024K)
 Metaspace       used 51717K, committed 52288K, reserved 1114112K
  class space    used 6652K, committed 7040K, reserved 1048576K
}
Event: 6114.261 GC heap after
{Heap after GC invocations=20 (full 0):
 garbage-first heap   total reserved 2041856K, committed 65536K, used 28434K [0x0000000083600000, 0x0000000100000000)
  region size 1024K, 1 young (1024K), 1 survivors (1024K)
 Metaspace       used 51717K, committed 52288K, reserved 1114112K
  class space    used 6652K, committed 7040K, reserved 1048576K
}
Event: 7227.302 GC heap before
{Heap before GC invocations=21 (full 0):
 garbage-first heap   total reserved 2041856K, committed 65536K, used 59154K [0x0000000083600000, 0x0000000100000000)
  region size 1024K, 31 young (31744K), 1 survivors (1024K)
 Metaspace       used 51751K, committed 52352K, reserved 1114112K
  class space    used 6653K, committed 7040K, reserved 1048576K
}
Event: 7227.325 GC heap after
{Heap after GC invocations=22 (full 0):
 garbage-first heap   total reserved 2041856K, committed 65536K, used 28457K [0x0000000083600000, 0x0000000100000000)
  region size 1024K, 1 young (1024K), 1 survivors (1024K)
 Metaspace       used 51751K, committed 52352K, reserved 1114112K
  class space    used 6653K, committed 7040K, reserved 1048576K
}
Event: 8380.415 GC heap before
{Heap before GC invocations=22 (full 0):
 garbage-first heap   total reserved 2041856K, committed 65536K, used 58153K [0x0000000083600000, 0x0000000100000000)
  region size 1024K, 31 young (31744K), 1 survivors (1024K)
 Metaspace       used 51767K, committed 52352K, reserved 1114112K
  class space    used 6654K, committed 7040K, reserved 1048576K
}
Event: 8380.467 GC heap after
{Heap after GC invocations=23 (full 0):
 garbage-first heap   total reserved 2041856K, committed 65536K, used 27642K [0x0000000083600000, 0x0000000100000000)
  region size 1024K, 1 young (1024K), 1 survivors (1024K)
 Metaspace       used 51767K, committed 52352K, reserved 1114112K
  class space    used 6654K, committed 7040K, reserved 1048576K
}
Event: 9573.573 GC heap before
{Heap before GC invocations=23 (full 0):
 garbage-first heap   total reserved 2041856K, committed 65536K, used 58362K [0x0000000083600000, 0x0000000100000000)
  region size 1024K, 32 young (32768K), 1 survivors (1024K)
 Metaspace       used 51774K, committed 52416K, reserved 1114112K
  class space    used 6654K, committed 7040K, reserved 1048576K
}
Event: 9573.619 GC heap after
{Heap after GC invocations=24 (full 0):
 garbage-first heap   total reserved 2041856K, committed 65536K, used 27640K [0x0000000083600000, 0x0000000100000000)
  region size 1024K, 1 young (1024K), 1 survivors (1024K)
 Metaspace       used 51774K, committed 52416K, reserved 1114112K
  class space    used 6654K, committed 7040K, reserved 1048576K
}
Event: 10756.769 GC heap before
{Heap before GC invocations=25 (full 0):
 garbage-first heap   total reserved 2041856K, committed 65536K, used 59384K [0x0000000083600000, 0x0000000100000000)
  region size 1024K, 32 young (32768K), 1 survivors (1024K)
 Metaspace       used 51786K, committed 52416K, reserved 1114112K
  class space    used 6655K, committed 7040K, reserved 1048576K
}
Event: 10756.796 GC heap after
{Heap after GC invocations=26 (full 0):
 garbage-first heap   total reserved 2041856K, committed 65536K, used 27659K [0x0000000083600000, 0x0000000100000000)
  region size 1024K, 1 young (1024K), 1 survivors (1024K)
 Metaspace       used 51786K, committed 52416K, reserved 1114112K
  class space    used 6655K, committed 7040K, reserved 1048576K
}
Event: 11940.077 GC heap before
{Heap before GC invocations=26 (full 0):
 garbage-first heap   total reserved 2041856K, committed 65536K, used 59403K [0x0000000083600000, 0x0000000100000000)
  region size 1024K, 32 young (32768K), 1 survivors (1024K)
 Metaspace       used 51800K, committed 52416K, reserved 1114112K
  class space    used 6655K, committed 7040K, reserved 1048576K
}
Event: 11940.179 GC heap after
{Heap after GC invocations=27 (full 0):
 garbage-first heap   total reserved 2041856K, committed 65536K, used 27383K [0x0000000083600000, 0x0000000100000000)
  region size 1024K, 1 young (1024K), 1 survivors (1024K)
 Metaspace       used 51800K, committed 52416K, reserved 1114112K
  class space    used 6655K, committed 7040K, reserved 1048576K
}
Event: 11956.589 GC heap before
{Heap before GC invocations=27 (full 0):
 garbage-first heap   total reserved 2041856K, committed 65536K, used 29431K [0x0000000083600000, 0x0000000100000000)
  region size 1024K, 3 young (3072K), 1 survivors (1024K)
 Metaspace       used 51805K, committed 52480K, reserved 1114112K
  class space    used 6656K, committed 7040K, reserved 1048576K
}
Event: 11956.682 GC heap after
{Heap after GC invocations=28 (full 0):
 garbage-first heap   total reserved 2041856K, committed 65536K, used 27275K [0x0000000083600000, 0x0000000100000000)
  region size 1024K, 1 young (1024K), 1 survivors (1024K)
 Metaspace       used 51805K, committed 52480K, reserved 1114112K
  class space    used 6656K, committed 7040K, reserved 1048576K
}
Event: 12674.129 GC heap before
{Heap before GC invocations=28 (full 0):
 garbage-first heap   total reserved 2041856K, committed 65536K, used 57995K [0x0000000083600000, 0x0000000100000000)
  region size 1024K, 32 young (32768K), 1 survivors (1024K)
 Metaspace       used 51929K, committed 52544K, reserved 1114112K
  class space    used 6671K, committed 7040K, reserved 1048576K
}
Event: 12674.185 GC heap after
{Heap after GC invocations=29 (full 0):
 garbage-first heap   total reserved 2041856K, committed 65536K, used 27348K [0x0000000083600000, 0x0000000100000000)
  region size 1024K, 1 young (1024K), 1 survivors (1024K)
 Metaspace       used 51929K, committed 52544K, reserved 1114112K
  class space    used 6671K, committed 7040K, reserved 1048576K
}
Event: 13758.950 GC heap before
{Heap before GC invocations=30 (full 0):
 garbage-first heap   total reserved 2041856K, committed 65536K, used 59092K [0x0000000083600000, 0x0000000100000000)
  region size 1024K, 32 young (32768K), 1 survivors (1024K)
 Metaspace       used 51947K, committed 52544K, reserved 1114112K
  class space    used 6671K, committed 7040K, reserved 1048576K
}
Event: 13758.992 GC heap after
{Heap after GC invocations=31 (full 0):
 garbage-first heap   total reserved 2041856K, committed 65536K, used 27413K [0x0000000083600000, 0x0000000100000000)
  region size 1024K, 1 young (1024K), 1 survivors (1024K)
 Metaspace       used 51947K, committed 52544K, reserved 1114112K
  class space    used 6671K, committed 7040K, reserved 1048576K
}

