# JRE version: Java(TM) SE Runtime Environment (21.0.6+8) (build 21.0.6+8-LTS-188)
# Java VM: Java HotSpot(TM) 64-Bit Server VM (21.0.6+8-LTS-188, mixed mode, sharing, tiered, compressed oops, compressed class ptrs, g1 gc, windows-amd64)
GC Precious Log:
 CardTable entry size: 512
 Card Set container configuration: InlinePtr #cards 5 size 8 Array Of Cards #cards 12 size 40 Howl #buckets 4 coarsen threshold 1843 Howl Bitmap #cards 512 size 80 coarsen threshold 460 Card regions per heap region 1 cards per card region 2048
 CPUs: 16 total, 16 available
 Memory: 7968M
 Large Page Support: Disabled
 NUMA Support: Disabled
 Compressed Oops: Enabled (32-bit)
 Heap Region Size: 1M
 Heap Min Capacity: 8M
 Heap Initial Capacity: 126M
 Heap Max Capacity: 1994M
 Pre-touch: Disabled
 Parallel Workers: 13
 Concurrent Workers: 3
 Concurrent Refinement Workers: 13
 Periodic GC: Disabled
Heap:
 garbage-first heap   total 150528K, used 123260K [0x0000000083600000, 0x0000000100000000)
  region size 1024K, 61 young (62464K), 7 survivors (7168K)
 Metaspace       used 104618K, committed 105856K, reserved 1179648K
  class space    used 14079K, committed 14656K, reserved 1048576K
GC Heap History (20 events):
Event: 4.759 GC heap before
{Heap before GC invocations=12 (full 0):
 garbage-first heap   total 124928K, used 77228K [0x0000000083600000, 0x0000000100000000)
  region size 1024K, 45 young (46080K), 7 survivors (7168K)
 Metaspace       used 59659K, committed 60288K, reserved 1114112K
  class space    used 7699K, committed 8000K, reserved 1048576K
}
Event: 4.766 GC heap after
{Heap after GC invocations=13 (full 0):
 garbage-first heap   total 124928K, used 42349K [0x0000000083600000, 0x0000000100000000)
  region size 1024K, 6 young (6144K), 6 survivors (6144K)
 Metaspace       used 59659K, committed 60288K, reserved 1114112K
  class space    used 7699K, committed 8000K, reserved 1048576K
}
Event: 5.892 GC heap before
{Heap before GC invocations=14 (full 0):
 garbage-first heap   total 124928K, used 108909K [0x0000000083600000, 0x0000000100000000)
  region size 1024K, 72 young (73728K), 6 survivors (6144K)
 Metaspace       used 76541K, committed 77248K, reserved 1179648K
  class space    used 10111K, committed 10432K, reserved 1048576K
}
Event: 5.897 GC heap after
{Heap after GC invocations=15 (full 0):
 garbage-first heap   total 124928K, used 46699K [0x0000000083600000, 0x0000000100000000)
  region size 1024K, 8 young (8192K), 8 survivors (8192K)
 Metaspace       used 76541K, committed 77248K, reserved 1179648K
  class space    used 10111K, committed 10432K, reserved 1048576K
}
Event: 6.315 GC heap before
{Heap before GC invocations=15 (full 0):
 garbage-first heap   total 124928K, used 108139K [0x0000000083600000, 0x0000000100000000)
  region size 1024K, 68 young (69632K), 8 survivors (8192K)
 Metaspace       used 80783K, committed 81472K, reserved 1179648K
  class space    used 10697K, committed 11008K, reserved 1048576K
}
Event: 6.322 GC heap after
{Heap after GC invocations=16 (full 0):
 garbage-first heap   total 124928K, used 49571K [0x0000000083600000, 0x0000000100000000)
  region size 1024K, 8 young (8192K), 8 survivors (8192K)
 Metaspace       used 80783K, committed 81472K, reserved 1179648K
  class space    used 10697K, committed 11008K, reserved 1048576K
}
Event: 6.667 GC heap before
{Heap before GC invocations=16 (full 0):
 garbage-first heap   total 124928K, used 108963K [0x0000000083600000, 0x0000000100000000)
  region size 1024K, 66 young (67584K), 8 survivors (8192K)
 Metaspace       used 82936K, committed 83648K, reserved 1179648K
  class space    used 11029K, committed 11328K, reserved 1048576K
}
Event: 6.674 GC heap after
{Heap after GC invocations=17 (full 0):
 garbage-first heap   total 124928K, used 53791K [0x0000000083600000, 0x0000000100000000)
  region size 1024K, 8 young (8192K), 8 survivors (8192K)
 Metaspace       used 82936K, committed 83648K, reserved 1179648K
  class space    used 11029K, committed 11328K, reserved 1048576K
}
Event: 7.012 GC heap before
{Heap before GC invocations=17 (full 0):
 garbage-first heap   total 124928K, used 109087K [0x0000000083600000, 0x0000000100000000)
  region size 1024K, 62 young (63488K), 8 survivors (8192K)
 Metaspace       used 85494K, committed 86272K, reserved 1179648K
  class space    used 11369K, committed 11712K, reserved 1048576K
}
Event: 7.017 GC heap after
{Heap after GC invocations=18 (full 0):
 garbage-first heap   total 124928K, used 56398K [0x0000000083600000, 0x0000000100000000)
  region size 1024K, 7 young (7168K), 7 survivors (7168K)
 Metaspace       used 85494K, committed 86272K, reserved 1179648K
  class space    used 11369K, committed 11712K, reserved 1048576K
}
Event: 7.296 GC heap before
{Heap before GC invocations=19 (full 0):
 garbage-first heap   total 124928K, used 109646K [0x0000000083600000, 0x0000000100000000)
  region size 1024K, 59 young (60416K), 7 survivors (7168K)
 Metaspace       used 87031K, committed 87872K, reserved 1179648K
  class space    used 11657K, committed 12032K, reserved 1048576K
}
Event: 7.302 GC heap after
{Heap after GC invocations=20 (full 0):
 garbage-first heap   total 124928K, used 59430K [0x0000000083600000, 0x0000000100000000)
  region size 1024K, 6 young (6144K), 6 survivors (6144K)
 Metaspace       used 87031K, committed 87872K, reserved 1179648K
  class space    used 11657K, committed 12032K, reserved 1048576K
}
Event: 7.573 GC heap before
{Heap before GC invocations=20 (full 0):
 garbage-first heap   total 124928K, used 110630K [0x0000000083600000, 0x0000000100000000)
  region size 1024K, 56 young (57344K), 6 survivors (6144K)
 Metaspace       used 87974K, committed 88960K, reserved 1179648K
  class space    used 11818K, committed 12288K, reserved 1048576K
}
Event: 7.581 GC heap after
{Heap after GC invocations=21 (full 0):
 garbage-first heap   total 150528K, used 61081K [0x0000000083600000, 0x0000000100000000)
  region size 1024K, 6 young (6144K), 6 survivors (6144K)
 Metaspace       used 87974K, committed 88960K, reserved 1179648K
  class space    used 11818K, committed 12288K, reserved 1048576K
}
Event: 8.181 GC heap before
{Heap before GC invocations=21 (full 0):
 garbage-first heap   total 150528K, used 134809K [0x0000000083600000, 0x0000000100000000)
  region size 1024K, 78 young (79872K), 6 survivors (6144K)
 Metaspace       used 90663K, committed 91648K, reserved 1179648K
  class space    used 12250K, committed 12672K, reserved 1048576K
}
Event: 8.188 GC heap after
{Heap after GC invocations=22 (full 0):
 garbage-first heap   total 150528K, used 64462K [0x0000000083600000, 0x0000000100000000)
  region size 1024K, 7 young (7168K), 7 survivors (7168K)
 Metaspace       used 90663K, committed 91648K, reserved 1179648K
  class space    used 12250K, committed 12672K, reserved 1048576K
}
Event: 8.536 GC heap before
{Heap before GC invocations=23 (full 0):
 garbage-first heap   total 150528K, used 134094K [0x0000000083600000, 0x0000000100000000)
  region size 1024K, 75 young (76800K), 7 survivors (7168K)
 Metaspace       used 92737K, committed 93760K, reserved 1179648K
  class space    used 12583K, committed 13056K, reserved 1048576K
}
Event: 8.543 GC heap after
{Heap after GC invocations=24 (full 0):
 garbage-first heap   total 150528K, used 68022K [0x0000000083600000, 0x0000000100000000)
  region size 1024K, 7 young (7168K), 7 survivors (7168K)
 Metaspace       used 92737K, committed 93760K, reserved 1179648K
  class space    used 12583K, committed 13056K, reserved 1048576K
}
Event: 8.920 GC heap before
{Heap before GC invocations=24 (full 0):
 garbage-first heap   total 150528K, used 134582K [0x0000000083600000, 0x0000000100000000)
  region size 1024K, 72 young (73728K), 7 survivors (7168K)
 Metaspace       used 95194K, committed 96256K, reserved 1179648K
  class space    used 12948K, committed 13440K, reserved 1048576K
}
Event: 8.927 GC heap after
{Heap after GC invocations=25 (full 0):
 garbage-first heap   total 150528K, used 70012K [0x0000000083600000, 0x0000000100000000)
  region size 1024K, 7 young (7168K), 7 survivors (7168K)
 Metaspace       used 95194K, committed 96256K, reserved 1179648K
  class space    used 12948K, committed 13440K, reserved 1048576K
}

