# JRE version: OpenJDK Runtime Environment Temurin-23+37 (23.0+37) (build 23+37)
# Java VM: OpenJDK 64-Bit Server VM Temurin-23+37 (23+37, mixed mode, sharing, tiered, compressed oops, compressed class ptrs, g1 gc, windows-amd64)
GC Precious Log:
 CardTable entry size: 512
 Card Set container configuration: InlinePtr #cards 5 size 8 Array Of Cards #cards 10 size 36 Howl #buckets 4 coarsen threshold 1843 Howl Bitmap #cards 512 size 80 coarsen threshold 460 Card regions per heap region 1 cards per card region 2048
 CPUs: 16 total, 16 available
 Memory: 7968M
 Large Page Support: Disabled
 NUMA Support: Disabled
 Compressed Oops: Enabled (32-bit)
 Heap Region Size: 1M
 Heap Min Capacity: 8M
 Heap Initial Capacity: 126M
 Heap Max Capacity: 1994M
 Pre-touch: Disabled
 Parallel Workers: 13
 Concurrent Workers: 3
 Concurrent Refinement Workers: 13
 Periodic GC: Disabled
Heap:
 garbage-first heap   total reserved 2041856K, committed 137216K, used 83343K [0x0000000083600000, 0x0000000100000000)
  region size 1024K, 16 young (16384K), 3 survivors (3072K)
 Metaspace       used 100504K, committed 102016K, reserved 1179648K
  class space    used 13791K, committed 14400K, reserved 1048576K
GC Heap History (20 events):
Event: 8.680 GC heap before
{Heap before GC invocations=20 (full 0):
 garbage-first heap   total reserved 2041856K, committed 113664K, used 99957K [0x0000000083600000, 0x0000000100000000)
  region size 1024K, 52 young (53248K), 6 survivors (6144K)
 Metaspace       used 84775K, committed 85568K, reserved 1179648K
  class space    used 11735K, committed 12096K, reserved 1048576K
}
Event: 8.688 GC heap after
{Heap after GC invocations=21 (full 0):
 garbage-first heap   total reserved 2041856K, committed 113664K, used 55571K [0x0000000083600000, 0x0000000100000000)
  region size 1024K, 6 young (6144K), 6 survivors (6144K)
 Metaspace       used 84775K, committed 85568K, reserved 1179648K
  class space    used 11735K, committed 12096K, reserved 1048576K
}
Event: 9.037 GC heap before
{Heap before GC invocations=21 (full 0):
 garbage-first heap   total reserved 2041856K, committed 113664K, used 99603K [0x0000000083600000, 0x0000000100000000)
  region size 1024K, 49 young (50176K), 6 survivors (6144K)
 Metaspace       used 86288K, committed 87104K, reserved 1179648K
  class space    used 11991K, committed 12352K, reserved 1048576K
}
Event: 9.046 GC heap after
{Heap after GC invocations=22 (full 0):
 garbage-first heap   total reserved 2041856K, committed 113664K, used 57535K [0x0000000083600000, 0x0000000100000000)
  region size 1024K, 6 young (6144K), 6 survivors (6144K)
 Metaspace       used 86288K, committed 87104K, reserved 1179648K
  class space    used 11991K, committed 12352K, reserved 1048576K
}
Event: 9.438 GC heap before
{Heap before GC invocations=22 (full 0):
 garbage-first heap   total reserved 2041856K, committed 113664K, used 99519K [0x0000000083600000, 0x0000000100000000)
  region size 1024K, 47 young (48128K), 6 survivors (6144K)
 Metaspace       used 86964K, committed 87808K, reserved 1179648K
  class space    used 12118K, committed 12480K, reserved 1048576K
}
Event: 9.446 GC heap after
{Heap after GC invocations=23 (full 0):
 garbage-first heap   total reserved 2041856K, committed 137216K, used 59768K [0x0000000083600000, 0x0000000100000000)
  region size 1024K, 5 young (5120K), 5 survivors (5120K)
 Metaspace       used 86964K, committed 87808K, reserved 1179648K
  class space    used 12118K, committed 12480K, reserved 1048576K
}
Event: 9.938 GC heap before
{Heap before GC invocations=24 (full 0):
 garbage-first heap   total reserved 2041856K, committed 137216K, used 121208K [0x0000000083600000, 0x0000000100000000)
  region size 1024K, 65 young (66560K), 5 survivors (5120K)
 Metaspace       used 88464K, committed 89344K, reserved 1179648K
  class space    used 12368K, committed 12800K, reserved 1048576K
}
Event: 9.944 GC heap after
{Heap after GC invocations=25 (full 0):
 garbage-first heap   total reserved 2041856K, committed 137216K, used 62238K [0x0000000083600000, 0x0000000100000000)
  region size 1024K, 7 young (7168K), 7 survivors (7168K)
 Metaspace       used 88464K, committed 89344K, reserved 1179648K
  class space    used 12368K, committed 12800K, reserved 1048576K
}
Event: 10.478 GC heap before
{Heap before GC invocations=25 (full 0):
 garbage-first heap   total reserved 2041856K, committed 137216K, used 121630K [0x0000000083600000, 0x0000000100000000)
  region size 1024K, 65 young (66560K), 7 survivors (7168K)
 Metaspace       used 91311K, committed 92160K, reserved 1179648K
  class space    used 12810K, committed 13184K, reserved 1048576K
}
Event: 10.486 GC heap after
{Heap after GC invocations=26 (full 0):
 garbage-first heap   total reserved 2041856K, committed 137216K, used 64347K [0x0000000083600000, 0x0000000100000000)
  region size 1024K, 8 young (8192K), 8 survivors (8192K)
 Metaspace       used 91311K, committed 92160K, reserved 1179648K
  class space    used 12810K, committed 13184K, reserved 1048576K
}
Event: 10.816 GC heap before
{Heap before GC invocations=26 (full 0):
 garbage-first heap   total reserved 2041856K, committed 137216K, used 119643K [0x0000000083600000, 0x0000000100000000)
  region size 1024K, 62 young (63488K), 8 survivors (8192K)
 Metaspace       used 92073K, committed 93056K, reserved 1179648K
  class space    used 12930K, committed 13376K, reserved 1048576K
}
Event: 10.826 GC heap after
{Heap after GC invocations=27 (full 0):
 garbage-first heap   total reserved 2041856K, committed 137216K, used 67595K [0x0000000083600000, 0x0000000100000000)
  region size 1024K, 7 young (7168K), 7 survivors (7168K)
 Metaspace       used 92073K, committed 93056K, reserved 1179648K
  class space    used 12930K, committed 13376K, reserved 1048576K
}
Event: 11.539 GC heap before
{Heap before GC invocations=28 (full 0):
 garbage-first heap   total reserved 2041856K, committed 137216K, used 120843K [0x0000000083600000, 0x0000000100000000)
  region size 1024K, 59 young (60416K), 7 survivors (7168K)
 Metaspace       used 96165K, committed 97216K, reserved 1179648K
  class space    used 13512K, committed 14016K, reserved 1048576K
}
Event: 11.544 GC heap after
{Heap after GC invocations=29 (full 0):
 garbage-first heap   total reserved 2041856K, committed 137216K, used 69552K [0x0000000083600000, 0x0000000100000000)
  region size 1024K, 6 young (6144K), 6 survivors (6144K)
 Metaspace       used 96165K, committed 97216K, reserved 1179648K
  class space    used 13512K, committed 14016K, reserved 1048576K
}
Event: 1096.208 GC heap before
{Heap before GC invocations=29 (full 0):
 garbage-first heap   total reserved 2041856K, committed 137216K, used 120752K [0x0000000083600000, 0x0000000100000000)
  region size 1024K, 57 young (58368K), 6 survivors (6144K)
 Metaspace       used 100383K, committed 101440K, reserved 1179648K
  class space    used 13909K, committed 14400K, reserved 1048576K
}
Event: 1096.292 GC heap after
{Heap after GC invocations=30 (full 0):
 garbage-first heap   total reserved 2041856K, committed 137216K, used 69888K [0x0000000083600000, 0x0000000100000000)
  region size 1024K, 4 young (4096K), 4 survivors (4096K)
 Metaspace       used 100383K, committed 101440K, reserved 1179648K
  class space    used 13909K, committed 14400K, reserved 1048576K
}
Event: 3868.915 GC heap before
{Heap before GC invocations=30 (full 0):
 garbage-first heap   total reserved 2041856K, committed 137216K, used 123136K [0x0000000083600000, 0x0000000100000000)
  region size 1024K, 57 young (58368K), 4 survivors (4096K)
 Metaspace       used 100815K, committed 101888K, reserved 1179648K
  class space    used 13919K, committed 14400K, reserved 1048576K
}
Event: 3869.065 GC heap after
{Heap after GC invocations=31 (full 0):
 garbage-first heap   total reserved 2041856K, committed 137216K, used 70776K [0x0000000083600000, 0x0000000100000000)
  region size 1024K, 5 young (5120K), 5 survivors (5120K)
 Metaspace       used 100815K, committed 101888K, reserved 1179648K
  class space    used 13919K, committed 14400K, reserved 1048576K
}
Event: 8016.985 GC heap before
{Heap before GC invocations=32 (full 0):
 garbage-first heap   total reserved 2041856K, committed 137216K, used 123000K [0x0000000083600000, 0x0000000100000000)
  region size 1024K, 56 young (57344K), 5 survivors (5120K)
 Metaspace       used 100445K, committed 101952K, reserved 1179648K
  class space    used 13791K, committed 14400K, reserved 1048576K
}
Event: 8017.168 GC heap after
{Heap after GC invocations=33 (full 0):
 garbage-first heap   total reserved 2041856K, committed 137216K, used 71055K [0x0000000083600000, 0x0000000100000000)
  region size 1024K, 3 young (3072K), 3 survivors (3072K)
 Metaspace       used 100445K, committed 101952K, reserved 1179648K
  class space    used 13791K, committed 14400K, reserved 1048576K
}

