# JRE version: Java(TM) SE Runtime Environment (21.0.6+8) (build 21.0.6+8-LTS-188)
# Java VM: Java HotSpot(TM) 64-Bit Server VM (21.0.6+8-LTS-188, mixed mode, sharing, tiered, compressed oops, compressed class ptrs, g1 gc, windows-amd64)
GC Precious Log:
 CardTable entry size: 512
 Card Set container configuration: InlinePtr #cards 5 size 8 Array Of Cards #cards 12 size 40 Howl #buckets 4 coarsen threshold 1843 Howl Bitmap #cards 512 size 80 coarsen threshold 460 Card regions per heap region 1 cards per card region 2048
 CPUs: 16 total, 16 available
 Memory: 7968M
 Large Page Support: Disabled
 NUMA Support: Disabled
 Compressed Oops: Enabled (32-bit)
 Heap Region Size: 1M
 Heap Min Capacity: 8M
 Heap Initial Capacity: 126M
 Heap Max Capacity: 1994M
 Pre-touch: Disabled
 Parallel Workers: 13
 Concurrent Workers: 3
 Concurrent Refinement Workers: 13
 Periodic GC: Disabled
Heap:
 garbage-first heap   total 177152K, used 72547K [0x0000000083600000, 0x0000000100000000)
  region size 1024K, 9 young (9216K), 7 survivors (7168K)
 Metaspace       used 104543K, committed 105728K, reserved 1179648K
  class space    used 14080K, committed 14656K, reserved 1048576K
GC Heap History (20 events):
Event: 4.582 GC heap before
{Heap before GC invocations=12 (full 0):
 garbage-first heap   total 122880K, used 73888K [0x0000000083600000, 0x0000000100000000)
  region size 1024K, 43 young (44032K), 7 survivors (7168K)
 Metaspace       used 59705K, committed 60288K, reserved 1114112K
  class space    used 7706K, committed 8000K, reserved 1048576K
}
Event: 4.586 GC heap after
{Heap after GC invocations=13 (full 0):
 garbage-first heap   total 122880K, used 40942K [0x0000000083600000, 0x0000000100000000)
  region size 1024K, 6 young (6144K), 6 survivors (6144K)
 Metaspace       used 59705K, committed 60288K, reserved 1114112K
  class space    used 7706K, committed 8000K, reserved 1048576K
}
Event: 5.594 GC heap before
{Heap before GC invocations=14 (full 0):
 garbage-first heap   total 122880K, used 106478K [0x0000000083600000, 0x0000000100000000)
  region size 1024K, 70 young (71680K), 6 survivors (6144K)
 Metaspace       used 76515K, committed 77184K, reserved 1179648K
  class space    used 10109K, committed 10432K, reserved 1048576K
}
Event: 5.599 GC heap after
{Heap after GC invocations=15 (full 0):
 garbage-first heap   total 122880K, used 45120K [0x0000000083600000, 0x0000000100000000)
  region size 1024K, 7 young (7168K), 7 survivors (7168K)
 Metaspace       used 76515K, committed 77184K, reserved 1179648K
  class space    used 10109K, committed 10432K, reserved 1048576K
}
Event: 5.985 GC heap before
{Heap before GC invocations=15 (full 0):
 garbage-first heap   total 122880K, used 107584K [0x0000000083600000, 0x0000000100000000)
  region size 1024K, 68 young (69632K), 7 survivors (7168K)
 Metaspace       used 80746K, committed 81408K, reserved 1179648K
  class space    used 10693K, committed 11008K, reserved 1048576K
}
Event: 5.992 GC heap after
{Heap after GC invocations=16 (full 0):
 garbage-first heap   total 122880K, used 48193K [0x0000000083600000, 0x0000000100000000)
  region size 1024K, 8 young (8192K), 8 survivors (8192K)
 Metaspace       used 80746K, committed 81408K, reserved 1179648K
  class space    used 10693K, committed 11008K, reserved 1048576K
}
Event: 6.304 GC heap before
{Heap before GC invocations=16 (full 0):
 garbage-first heap   total 122880K, used 107585K [0x0000000083600000, 0x0000000100000000)
  region size 1024K, 66 young (67584K), 8 survivors (8192K)
 Metaspace       used 82894K, committed 83648K, reserved 1179648K
  class space    used 11022K, committed 11328K, reserved 1048576K
}
Event: 6.311 GC heap after
{Heap after GC invocations=17 (full 0):
 garbage-first heap   total 122880K, used 52191K [0x0000000083600000, 0x0000000100000000)
  region size 1024K, 8 young (8192K), 8 survivors (8192K)
 Metaspace       used 82894K, committed 83648K, reserved 1179648K
  class space    used 11022K, committed 11328K, reserved 1048576K
}
Event: 6.683 GC heap before
{Heap before GC invocations=17 (full 0):
 garbage-first heap   total 122880K, used 107487K [0x0000000083600000, 0x0000000100000000)
  region size 1024K, 62 young (63488K), 8 survivors (8192K)
 Metaspace       used 85450K, committed 86208K, reserved 1179648K
  class space    used 11359K, committed 11712K, reserved 1048576K
}
Event: 6.689 GC heap after
{Heap after GC invocations=18 (full 0):
 garbage-first heap   total 147456K, used 55478K [0x0000000083600000, 0x0000000100000000)
  region size 1024K, 7 young (7168K), 7 survivors (7168K)
 Metaspace       used 85450K, committed 86208K, reserved 1179648K
  class space    used 11359K, committed 11712K, reserved 1048576K
}
Event: 7.079 GC heap before
{Heap before GC invocations=19 (full 0):
 garbage-first heap   total 147456K, used 131254K [0x0000000083600000, 0x0000000100000000)
  region size 1024K, 81 young (82944K), 7 survivors (7168K)
 Metaspace       used 87260K, committed 88128K, reserved 1179648K
  class space    used 11692K, committed 12096K, reserved 1048576K
}
Event: 7.086 GC heap after
{Heap after GC invocations=20 (full 0):
 garbage-first heap   total 147456K, used 59354K [0x0000000083600000, 0x0000000100000000)
  region size 1024K, 7 young (7168K), 7 survivors (7168K)
 Metaspace       used 87260K, committed 88128K, reserved 1179648K
  class space    used 11692K, committed 12096K, reserved 1048576K
}
Event: 7.469 GC heap before
{Heap before GC invocations=20 (full 0):
 garbage-first heap   total 147456K, used 132058K [0x0000000083600000, 0x0000000100000000)
  region size 1024K, 78 young (79872K), 7 survivors (7168K)
 Metaspace       used 88956K, committed 89856K, reserved 1179648K
  class space    used 11972K, committed 12416K, reserved 1048576K
}
Event: 7.477 GC heap after
{Heap after GC invocations=21 (full 0):
 garbage-first heap   total 147456K, used 61753K [0x0000000083600000, 0x0000000100000000)
  region size 1024K, 8 young (8192K), 8 survivors (8192K)
 Metaspace       used 88956K, committed 89856K, reserved 1179648K
  class space    used 11972K, committed 12416K, reserved 1048576K
}
Event: 7.865 GC heap before
{Heap before GC invocations=21 (full 0):
 garbage-first heap   total 147456K, used 130361K [0x0000000083600000, 0x0000000100000000)
  region size 1024K, 75 young (76800K), 8 survivors (8192K)
 Metaspace       used 92103K, committed 93056K, reserved 1179648K
  class space    used 12479K, committed 12928K, reserved 1048576K
}
Event: 7.872 GC heap after
{Heap after GC invocations=22 (full 0):
 garbage-first heap   total 147456K, used 65243K [0x0000000083600000, 0x0000000100000000)
  region size 1024K, 7 young (7168K), 7 survivors (7168K)
 Metaspace       used 92103K, committed 93056K, reserved 1179648K
  class space    used 12479K, committed 12928K, reserved 1048576K
}
Event: 8.165 GC heap before
{Heap before GC invocations=23 (full 0):
 garbage-first heap   total 147456K, used 131803K [0x0000000083600000, 0x0000000100000000)
  region size 1024K, 72 young (73728K), 7 survivors (7168K)
 Metaspace       used 93235K, committed 94272K, reserved 1179648K
  class space    used 12645K, committed 13120K, reserved 1048576K
}
Event: 8.173 GC heap after
{Heap after GC invocations=24 (full 0):
 garbage-first heap   total 177152K, used 68803K [0x0000000083600000, 0x0000000100000000)
  region size 1024K, 7 young (7168K), 7 survivors (7168K)
 Metaspace       used 93235K, committed 94272K, reserved 1179648K
  class space    used 12645K, committed 13120K, reserved 1048576K
}
Event: 1611.588 GC heap before
{Heap before GC invocations=24 (full 0):
 garbage-first heap   total 177152K, used 158915K [0x0000000083600000, 0x0000000100000000)
  region size 1024K, 95 young (97280K), 7 survivors (7168K)
 Metaspace       used 104498K, committed 105664K, reserved 1179648K
  class space    used 14069K, committed 14592K, reserved 1048576K
}
Event: 1612.337 GC heap after
{Heap after GC invocations=25 (full 0):
 garbage-first heap   total 177152K, used 71523K [0x0000000083600000, 0x0000000100000000)
  region size 1024K, 7 young (7168K), 7 survivors (7168K)
 Metaspace       used 104498K, committed 105664K, reserved 1179648K
  class space    used 14069K, committed 14592K, reserved 1048576K
}

