# JRE version: Java(TM) SE Runtime Environment (21.0.6+8) (build 21.0.6+8-LTS-188)
# Java VM: Java HotSpot(TM) 64-Bit Server VM (21.0.6+8-LTS-188, mixed mode, sharing, tiered, compressed oops, compressed class ptrs, g1 gc, windows-amd64)
GC Precious Log:
 CardTable entry size: 512
 Card Set container configuration: InlinePtr #cards 5 size 8 Array Of Cards #cards 12 size 40 Howl #buckets 4 coarsen threshold 1843 Howl Bitmap #cards 512 size 80 coarsen threshold 460 Card regions per heap region 1 cards per card region 2048
 CPUs: 16 total, 16 available
 Memory: 7968M
 Large Page Support: Disabled
 NUMA Support: Disabled
 Compressed Oops: Enabled (32-bit)
 Heap Region Size: 1M
 Heap Min Capacity: 8M
 Heap Initial Capacity: 126M
 Heap Max Capacity: 1994M
 Pre-touch: Disabled
 Parallel Workers: 13
 Concurrent Workers: 3
 Concurrent Refinement Workers: 13
 Periodic GC: Disabled
Heap:
 garbage-first heap   total 103424K, used 82186K [0x0000000083600000, 0x0000000100000000)
  region size 1024K, 46 young (47104K), 3 survivors (3072K)
 Metaspace       used 49959K, committed 50560K, reserved 1114112K
  class space    used 6403K, committed 6656K, reserved 1048576K
GC Heap History (20 events):
Event: 1.083 GC heap before
{Heap before GC invocations=0 (full 0):
 garbage-first heap   total 129024K, used 26624K [0x0000000083600000, 0x0000000100000000)
  region size 1024K, 23 young (23552K), 0 survivors (0K)
 Metaspace       used 4290K, committed 4480K, reserved 1114112K
  class space    used 450K, committed 512K, reserved 1048576K
}
Event: 1.093 GC heap after
{Heap after GC invocations=1 (full 0):
 garbage-first heap   total 129024K, used 12088K [0x0000000083600000, 0x0000000100000000)
  region size 1024K, 3 young (3072K), 3 survivors (3072K)
 Metaspace       used 4290K, committed 4480K, reserved 1114112K
  class space    used 450K, committed 512K, reserved 1048576K
}
Event: 1.801 GC heap before
{Heap before GC invocations=1 (full 0):
 garbage-first heap   total 129024K, used 33592K [0x0000000083600000, 0x0000000100000000)
  region size 1024K, 25 young (25600K), 3 survivors (3072K)
 Metaspace       used 10816K, committed 11136K, reserved 1114112K
  class space    used 1276K, committed 1408K, reserved 1048576K
}
Event: 1.808 GC heap after
{Heap after GC invocations=2 (full 0):
 garbage-first heap   total 129024K, used 15684K [0x0000000083600000, 0x0000000100000000)
  region size 1024K, 4 young (4096K), 4 survivors (4096K)
 Metaspace       used 10816K, committed 11136K, reserved 1114112K
  class space    used 1276K, committed 1408K, reserved 1048576K
}
Event: 2.682 GC heap before
{Heap before GC invocations=2 (full 0):
 garbage-first heap   total 129024K, used 57668K [0x0000000083600000, 0x0000000100000000)
  region size 1024K, 46 young (47104K), 4 survivors (4096K)
 Metaspace       used 20740K, committed 21120K, reserved 1114112K
  class space    used 2611K, committed 2816K, reserved 1048576K
}
Event: 2.692 GC heap after
{Heap after GC invocations=3 (full 0):
 garbage-first heap   total 129024K, used 19289K [0x0000000083600000, 0x0000000100000000)
  region size 1024K, 5 young (5120K), 5 survivors (5120K)
 Metaspace       used 20740K, committed 21120K, reserved 1114112K
  class space    used 2611K, committed 2816K, reserved 1048576K
}
Event: 2.710 GC heap before
{Heap before GC invocations=3 (full 0):
 garbage-first heap   total 129024K, used 21337K [0x0000000083600000, 0x0000000100000000)
  region size 1024K, 8 young (8192K), 5 survivors (5120K)
 Metaspace       used 21168K, committed 21504K, reserved 1114112K
  class space    used 2646K, committed 2816K, reserved 1048576K
}
Event: 2.714 GC heap after
{Heap after GC invocations=4 (full 0):
 garbage-first heap   total 129024K, used 19846K [0x0000000083600000, 0x0000000100000000)
  region size 1024K, 5 young (5120K), 5 survivors (5120K)
 Metaspace       used 21168K, committed 21504K, reserved 1114112K
  class space    used 2646K, committed 2816K, reserved 1048576K
}
Event: 3.448 GC heap before
{Heap before GC invocations=5 (full 0):
 garbage-first heap   total 75776K, used 74118K [0x0000000083600000, 0x0000000100000000)
  region size 1024K, 59 young (60416K), 5 survivors (5120K)
 Metaspace       used 30782K, committed 31232K, reserved 1114112K
  class space    used 3804K, committed 4032K, reserved 1048576K
}
Event: 3.457 GC heap after
{Heap after GC invocations=6 (full 0):
 garbage-first heap   total 86016K, used 24454K [0x0000000083600000, 0x0000000100000000)
  region size 1024K, 10 young (10240K), 10 survivors (10240K)
 Metaspace       used 30782K, committed 31232K, reserved 1114112K
  class space    used 3804K, committed 4032K, reserved 1048576K
}
Event: 3.958 GC heap before
{Heap before GC invocations=6 (full 0):
 garbage-first heap   total 86016K, used 65414K [0x0000000083600000, 0x0000000100000000)
  region size 1024K, 50 young (51200K), 10 survivors (10240K)
 Metaspace       used 33135K, committed 33600K, reserved 1114112K
  class space    used 4087K, committed 4288K, reserved 1048576K
}
Event: 3.972 GC heap after
{Heap after GC invocations=7 (full 0):
 garbage-first heap   total 86016K, used 27648K [0x0000000083600000, 0x0000000100000000)
  region size 1024K, 4 young (4096K), 4 survivors (4096K)
 Metaspace       used 33135K, committed 33600K, reserved 1114112K
  class space    used 4087K, committed 4288K, reserved 1048576K
}
Event: 4.559 GC heap before
{Heap before GC invocations=7 (full 0):
 garbage-first heap   total 86016K, used 46080K [0x0000000083600000, 0x0000000100000000)
  region size 1024K, 23 young (23552K), 4 survivors (4096K)
 Metaspace       used 35670K, committed 36096K, reserved 1114112K
  class space    used 4535K, committed 4736K, reserved 1048576K
}
Event: 4.566 GC heap after
{Heap after GC invocations=8 (full 0):
 garbage-first heap   total 86016K, used 28619K [0x0000000083600000, 0x0000000100000000)
  region size 1024K, 2 young (2048K), 2 survivors (2048K)
 Metaspace       used 35670K, committed 36096K, reserved 1114112K
  class space    used 4535K, committed 4736K, reserved 1048576K
}
Event: 5.357 GC heap before
{Heap before GC invocations=9 (full 0):
 garbage-first heap   total 86016K, used 70603K [0x0000000083600000, 0x0000000100000000)
  region size 1024K, 43 young (44032K), 2 survivors (2048K)
 Metaspace       used 39795K, committed 40256K, reserved 1114112K
  class space    used 5105K, committed 5312K, reserved 1048576K
}
Event: 5.363 GC heap after
{Heap after GC invocations=10 (full 0):
 garbage-first heap   total 86016K, used 31661K [0x0000000083600000, 0x0000000100000000)
  region size 1024K, 5 young (5120K), 5 survivors (5120K)
 Metaspace       used 39795K, committed 40256K, reserved 1114112K
  class space    used 5105K, committed 5312K, reserved 1048576K
}
Event: 6.006 GC heap before
{Heap before GC invocations=10 (full 0):
 garbage-first heap   total 86016K, used 71597K [0x0000000083600000, 0x0000000100000000)
  region size 1024K, 44 young (45056K), 5 survivors (5120K)
 Metaspace       used 44611K, committed 45056K, reserved 1114112K
  class space    used 5711K, committed 5888K, reserved 1048576K
}
Event: 6.016 GC heap after
{Heap after GC invocations=11 (full 0):
 garbage-first heap   total 86016K, used 34513K [0x0000000083600000, 0x0000000100000000)
  region size 1024K, 6 young (6144K), 6 survivors (6144K)
 Metaspace       used 44611K, committed 45056K, reserved 1114112K
  class space    used 5711K, committed 5888K, reserved 1048576K
}
Event: 6.595 GC heap before
{Heap before GC invocations=11 (full 0):
 garbage-first heap   total 86016K, used 73425K [0x0000000083600000, 0x0000000100000000)
  region size 1024K, 44 young (45056K), 6 survivors (6144K)
 Metaspace       used 46984K, committed 47552K, reserved 1114112K
  class space    used 6023K, committed 6272K, reserved 1048576K
}
Event: 6.608 GC heap after
{Heap after GC invocations=12 (full 0):
 garbage-first heap   total 103424K, used 37130K [0x0000000083600000, 0x0000000100000000)
  region size 1024K, 3 young (3072K), 3 survivors (3072K)
 Metaspace       used 46984K, committed 47552K, reserved 1114112K
  class space    used 6023K, committed 6272K, reserved 1048576K
}

