# JRE version: Java(TM) SE Runtime Environment (21.0.6+8) (build 21.0.6+8-LTS-188)
# Java VM: Java HotSpot(TM) 64-Bit Server VM (21.0.6+8-LTS-188, mixed mode, sharing, tiered, compressed oops, compressed class ptrs, g1 gc, windows-amd64)
GC Precious Log:
 CardTable entry size: 512
 Card Set container configuration: InlinePtr #cards 5 size 8 Array Of Cards #cards 12 size 40 Howl #buckets 4 coarsen threshold 1843 Howl Bitmap #cards 512 size 80 coarsen threshold 460 Card regions per heap region 1 cards per card region 2048
 CPUs: 16 total, 16 available
 Memory: 7968M
 Large Page Support: Disabled
 NUMA Support: Disabled
 Compressed Oops: Enabled (32-bit)
 Heap Region Size: 1M
 Heap Min Capacity: 8M
 Heap Initial Capacity: 126M
 Heap Max Capacity: 1994M
 Pre-touch: Disabled
 Parallel Workers: 13
 Concurrent Workers: 3
 Concurrent Refinement Workers: 13
 Periodic GC: Disabled
Heap:
 garbage-first heap   total 143360K, used 80192K [0x0000000083600000, 0x0000000100000000)
  region size 1024K, 15 young (15360K), 6 survivors (6144K)
 Metaspace       used 104550K, committed 105728K, reserved 1179648K
  class space    used 14080K, committed 14656K, reserved 1048576K
GC Heap History (20 events):
Event: 6.377 GC heap before
{Heap before GC invocations=16 (full 0):
 garbage-first heap   total 118784K, used 105059K [0x0000000083600000, 0x0000000100000000)
  region size 1024K, 62 young (63488K), 4 survivors (4096K)
 Metaspace       used 80336K, committed 81024K, reserved 1179648K
  class space    used 10642K, committed 10944K, reserved 1048576K
}
Event: 6.381 GC heap after
{Heap after GC invocations=17 (full 0):
 garbage-first heap   total 118784K, used 48186K [0x0000000083600000, 0x0000000100000000)
  region size 1024K, 7 young (7168K), 7 survivors (7168K)
 Metaspace       used 80336K, committed 81024K, reserved 1179648K
  class space    used 10642K, committed 10944K, reserved 1048576K
}
Event: 6.668 GC heap before
{Heap before GC invocations=17 (full 0):
 garbage-first heap   total 118784K, used 103482K [0x0000000083600000, 0x0000000100000000)
  region size 1024K, 61 young (62464K), 7 survivors (7168K)
 Metaspace       used 82018K, committed 82688K, reserved 1179648K
  class space    used 10856K, committed 11136K, reserved 1048576K
}
Event: 6.675 GC heap after
{Heap after GC invocations=18 (full 0):
 garbage-first heap   total 118784K, used 51373K [0x0000000083600000, 0x0000000100000000)
  region size 1024K, 7 young (7168K), 7 survivors (7168K)
 Metaspace       used 82018K, committed 82688K, reserved 1179648K
  class space    used 10856K, committed 11136K, reserved 1048576K
}
Event: 7.026 GC heap before
{Heap before GC invocations=18 (full 0):
 garbage-first heap   total 118784K, used 103597K [0x0000000083600000, 0x0000000100000000)
  region size 1024K, 58 young (59392K), 7 survivors (7168K)
 Metaspace       used 83933K, committed 84672K, reserved 1179648K
  class space    used 11145K, committed 11456K, reserved 1048576K
}
Event: 7.032 GC heap after
{Heap after GC invocations=19 (full 0):
 garbage-first heap   total 118784K, used 54863K [0x0000000083600000, 0x0000000100000000)
  region size 1024K, 7 young (7168K), 7 survivors (7168K)
 Metaspace       used 83933K, committed 84672K, reserved 1179648K
  class space    used 11145K, committed 11456K, reserved 1048576K
}
Event: 7.369 GC heap before
{Heap before GC invocations=20 (full 0):
 garbage-first heap   total 118784K, used 102991K [0x0000000083600000, 0x0000000100000000)
  region size 1024K, 54 young (55296K), 7 survivors (7168K)
 Metaspace       used 85574K, committed 86336K, reserved 1179648K
  class space    used 11422K, committed 11776K, reserved 1048576K
}
Event: 7.374 GC heap after
{Heap after GC invocations=21 (full 0):
 garbage-first heap   total 118784K, used 57301K [0x0000000083600000, 0x0000000100000000)
  region size 1024K, 6 young (6144K), 6 survivors (6144K)
 Metaspace       used 85574K, committed 86336K, reserved 1179648K
  class space    used 11422K, committed 11776K, reserved 1048576K
}
Event: 7.623 GC heap before
{Heap before GC invocations=21 (full 0):
 garbage-first heap   total 118784K, used 105429K [0x0000000083600000, 0x0000000100000000)
  region size 1024K, 53 young (54272K), 6 survivors (6144K)
 Metaspace       used 87171K, committed 87936K, reserved 1179648K
  class space    used 11678K, committed 12032K, reserved 1048576K
}
Event: 7.630 GC heap after
{Heap after GC invocations=22 (full 0):
 garbage-first heap   total 118784K, used 58712K [0x0000000083600000, 0x0000000100000000)
  region size 1024K, 6 young (6144K), 6 survivors (6144K)
 Metaspace       used 87171K, committed 87936K, reserved 1179648K
  class space    used 11678K, committed 12032K, reserved 1048576K
}
Event: 7.866 GC heap before
{Heap before GC invocations=22 (full 0):
 garbage-first heap   total 118784K, used 103768K [0x0000000083600000, 0x0000000100000000)
  region size 1024K, 50 young (51200K), 6 survivors (6144K)
 Metaspace       used 88067K, committed 88960K, reserved 1179648K
  class space    used 11827K, committed 12288K, reserved 1048576K
}
Event: 7.871 GC heap after
{Heap after GC invocations=23 (full 0):
 garbage-first heap   total 143360K, used 61006K [0x0000000083600000, 0x0000000100000000)
  region size 1024K, 5 young (5120K), 5 survivors (5120K)
 Metaspace       used 88067K, committed 88960K, reserved 1179648K
  class space    used 11827K, committed 12288K, reserved 1048576K
}
Event: 8.304 GC heap before
{Heap before GC invocations=24 (full 0):
 garbage-first heap   total 143360K, used 130638K [0x0000000083600000, 0x0000000100000000)
  region size 1024K, 73 young (74752K), 5 survivors (5120K)
 Metaspace       used 90667K, committed 91584K, reserved 1179648K
  class space    used 12249K, committed 12672K, reserved 1048576K
}
Event: 8.310 GC heap after
{Heap after GC invocations=25 (full 0):
 garbage-first heap   total 143360K, used 64225K [0x0000000083600000, 0x0000000100000000)
  region size 1024K, 9 young (9216K), 9 survivors (9216K)
 Metaspace       used 90667K, committed 91584K, reserved 1179648K
  class space    used 12249K, committed 12672K, reserved 1048576K
}
Event: 8.606 GC heap before
{Heap before GC invocations=25 (full 0):
 garbage-first heap   total 143360K, used 125665K [0x0000000083600000, 0x0000000100000000)
  region size 1024K, 69 young (70656K), 9 survivors (9216K)
 Metaspace       used 92636K, committed 93632K, reserved 1179648K
  class space    used 12553K, committed 12992K, reserved 1048576K
}
Event: 8.614 GC heap after
{Heap after GC invocations=26 (full 0):
 garbage-first heap   total 143360K, used 66562K [0x0000000083600000, 0x0000000100000000)
  region size 1024K, 7 young (7168K), 7 survivors (7168K)
 Metaspace       used 92636K, committed 93632K, reserved 1179648K
  class space    used 12553K, committed 12992K, reserved 1048576K
}
Event: 8.988 GC heap before
{Heap before GC invocations=26 (full 0):
 garbage-first heap   total 143360K, used 128002K [0x0000000083600000, 0x0000000100000000)
  region size 1024K, 67 young (68608K), 7 survivors (7168K)
 Metaspace       used 94670K, committed 95680K, reserved 1179648K
  class space    used 12853K, committed 13312K, reserved 1048576K
}
Event: 8.994 GC heap after
{Heap after GC invocations=27 (full 0):
 garbage-first heap   total 143360K, used 69297K [0x0000000083600000, 0x0000000100000000)
  region size 1024K, 6 young (6144K), 6 survivors (6144K)
 Metaspace       used 94670K, committed 95680K, reserved 1179648K
  class space    used 12853K, committed 13312K, reserved 1048576K
}
Event: 982.521 GC heap before
{Heap before GC invocations=28 (full 0):
 garbage-first heap   total 143360K, used 128689K [0x0000000083600000, 0x0000000100000000)
  region size 1024K, 65 young (66560K), 6 survivors (6144K)
 Metaspace       used 104326K, committed 105472K, reserved 1179648K
  class space    used 14069K, committed 14592K, reserved 1048576K
}
Event: 982.722 GC heap after
{Heap after GC invocations=29 (full 0):
 garbage-first heap   total 143360K, used 72000K [0x0000000083600000, 0x0000000100000000)
  region size 1024K, 6 young (6144K), 6 survivors (6144K)
 Metaspace       used 104326K, committed 105472K, reserved 1179648K
  class space    used 14069K, committed 14592K, reserved 1048576K
}

