# JRE version: Java(TM) SE Runtime Environment (21.0.6+8) (build 21.0.6+8-LTS-188)
# Java VM: Java HotSpot(TM) 64-Bit Server VM (21.0.6+8-LTS-188, mixed mode, sharing, tiered, compressed oops, compressed class ptrs, g1 gc, windows-amd64)
GC Precious Log:
 CardTable entry size: 512
 Card Set container configuration: InlinePtr #cards 5 size 8 Array Of Cards #cards 12 size 40 Howl #buckets 4 coarsen threshold 1843 Howl Bitmap #cards 512 size 80 coarsen threshold 460 Card regions per heap region 1 cards per card region 2048
 CPUs: 16 total, 16 available
 Memory: 7968M
 Large Page Support: Disabled
 NUMA Support: Disabled
 Compressed Oops: Enabled (32-bit)
 Heap Region Size: 1M
 Heap Min Capacity: 8M
 Heap Initial Capacity: 126M
 Heap Max Capacity: 1994M
 Pre-touch: Disabled
 Parallel Workers: 13
 Concurrent Workers: 3
 Concurrent Refinement Workers: 13
 Periodic GC: Disabled
Heap:
 garbage-first heap   total 177152K, used 134305K [0x0000000083600000, 0x0000000100000000)
  region size 1024K, 71 young (72704K), 7 survivors (7168K)
 Metaspace       used 99919K, committed 101056K, reserved 1179648K
  class space    used 13475K, committed 14016K, reserved 1048576K
GC Heap History (20 events):
Event: 5.760 GC heap before
{Heap before GC invocations=12 (full 0):
 garbage-first heap   total 102400K, used 84968K [0x0000000083600000, 0x0000000100000000)
  region size 1024K, 53 young (54272K), 7 survivors (7168K)
 Metaspace       used 59898K, committed 60480K, reserved 1114112K
  class space    used 7736K, committed 8000K, reserved 1048576K
}
Event: 5.764 GC heap after
{Heap after GC invocations=13 (full 0):
 garbage-first heap   total 122880K, used 42313K [0x0000000083600000, 0x0000000100000000)
  region size 1024K, 6 young (6144K), 6 survivors (6144K)
 Metaspace       used 59898K, committed 60480K, reserved 1114112K
  class space    used 7736K, committed 8000K, reserved 1048576K
}
Event: 6.803 GC heap before
{Heap before GC invocations=14 (full 0):
 garbage-first heap   total 122880K, used 107849K [0x0000000083600000, 0x0000000100000000)
  region size 1024K, 70 young (71680K), 6 survivors (6144K)
 Metaspace       used 77079K, committed 77760K, reserved 1179648K
  class space    used 10217K, committed 10560K, reserved 1048576K
}
Event: 6.809 GC heap after
{Heap after GC invocations=15 (full 0):
 garbage-first heap   total 122880K, used 46758K [0x0000000083600000, 0x0000000100000000)
  region size 1024K, 8 young (8192K), 8 survivors (8192K)
 Metaspace       used 77079K, committed 77760K, reserved 1179648K
  class space    used 10217K, committed 10560K, reserved 1048576K
}
Event: 7.272 GC heap before
{Heap before GC invocations=15 (full 0):
 garbage-first heap   total 122880K, used 108198K [0x0000000083600000, 0x0000000100000000)
  region size 1024K, 68 young (69632K), 8 survivors (8192K)
 Metaspace       used 81344K, committed 82048K, reserved 1179648K
  class space    used 10785K, committed 11136K, reserved 1048576K
}
Event: 7.279 GC heap after
{Heap after GC invocations=16 (full 0):
 garbage-first heap   total 122880K, used 49835K [0x0000000083600000, 0x0000000100000000)
  region size 1024K, 8 young (8192K), 8 survivors (8192K)
 Metaspace       used 81344K, committed 82048K, reserved 1179648K
  class space    used 10785K, committed 11136K, reserved 1048576K
}
Event: 7.581 GC heap before
{Heap before GC invocations=16 (full 0):
 garbage-first heap   total 122880K, used 108203K [0x0000000083600000, 0x0000000100000000)
  region size 1024K, 65 young (66560K), 8 survivors (8192K)
 Metaspace       used 83410K, committed 84160K, reserved 1179648K
  class space    used 11097K, committed 11456K, reserved 1048576K
}
Event: 7.587 GC heap after
{Heap after GC invocations=17 (full 0):
 garbage-first heap   total 122880K, used 53096K [0x0000000083600000, 0x0000000100000000)
  region size 1024K, 7 young (7168K), 7 survivors (7168K)
 Metaspace       used 83410K, committed 84160K, reserved 1179648K
  class space    used 11097K, committed 11456K, reserved 1048576K
}
Event: 8.038 GC heap before
{Heap before GC invocations=17 (full 0):
 garbage-first heap   total 122880K, used 109416K [0x0000000083600000, 0x0000000100000000)
  region size 1024K, 62 young (63488K), 7 survivors (7168K)
 Metaspace       used 86219K, committed 86976K, reserved 1179648K
  class space    used 11513K, committed 11904K, reserved 1048576K
}
Event: 8.044 GC heap after
{Heap after GC invocations=18 (full 0):
 garbage-first heap   total 122880K, used 55817K [0x0000000083600000, 0x0000000100000000)
  region size 1024K, 7 young (7168K), 7 survivors (7168K)
 Metaspace       used 86219K, committed 86976K, reserved 1179648K
  class space    used 11513K, committed 11904K, reserved 1048576K
}
Event: 8.374 GC heap before
{Heap before GC invocations=19 (full 0):
 garbage-first heap   total 122880K, used 108041K [0x0000000083600000, 0x0000000100000000)
  region size 1024K, 58 young (59392K), 7 survivors (7168K)
 Metaspace       used 87013K, committed 87808K, reserved 1179648K
  class space    used 11700K, committed 12096K, reserved 1048576K
}
Event: 8.380 GC heap after
{Heap after GC invocations=20 (full 0):
 garbage-first heap   total 147456K, used 58052K [0x0000000083600000, 0x0000000100000000)
  region size 1024K, 5 young (5120K), 5 survivors (5120K)
 Metaspace       used 87013K, committed 87808K, reserved 1179648K
  class space    used 11700K, committed 12096K, reserved 1048576K
}
Event: 8.838 GC heap before
{Heap before GC invocations=20 (full 0):
 garbage-first heap   total 147456K, used 133828K [0x0000000083600000, 0x0000000100000000)
  region size 1024K, 79 young (80896K), 5 survivors (5120K)
 Metaspace       used 88759K, committed 89664K, reserved 1179648K
  class space    used 11991K, committed 12416K, reserved 1048576K
}
Event: 8.846 GC heap after
{Heap after GC invocations=21 (full 0):
 garbage-first heap   total 147456K, used 60524K [0x0000000083600000, 0x0000000100000000)
  region size 1024K, 8 young (8192K), 8 survivors (8192K)
 Metaspace       used 88759K, committed 89664K, reserved 1179648K
  class space    used 11991K, committed 12416K, reserved 1048576K
}
Event: 9.192 GC heap before
{Heap before GC invocations=21 (full 0):
 garbage-first heap   total 147456K, used 130156K [0x0000000083600000, 0x0000000100000000)
  region size 1024K, 76 young (77824K), 8 survivors (8192K)
 Metaspace       used 90526K, committed 91456K, reserved 1179648K
  class space    used 12232K, committed 12672K, reserved 1048576K
}
Event: 9.201 GC heap after
{Heap after GC invocations=22 (full 0):
 garbage-first heap   total 147456K, used 64609K [0x0000000083600000, 0x0000000100000000)
  region size 1024K, 10 young (10240K), 10 survivors (10240K)
 Metaspace       used 90526K, committed 91456K, reserved 1179648K
  class space    used 12232K, committed 12672K, reserved 1048576K
}
Event: 9.755 GC heap before
{Heap before GC invocations=23 (full 0):
 garbage-first heap   total 147456K, used 128097K [0x0000000083600000, 0x0000000100000000)
  region size 1024K, 72 young (73728K), 10 survivors (10240K)
 Metaspace       used 92644K, committed 93568K, reserved 1179648K
  class space    used 12565K, committed 12992K, reserved 1048576K
}
Event: 9.766 GC heap after
{Heap after GC invocations=24 (full 0):
 garbage-first heap   total 147456K, used 67399K [0x0000000083600000, 0x0000000100000000)
  region size 1024K, 7 young (7168K), 7 survivors (7168K)
 Metaspace       used 92644K, committed 93568K, reserved 1179648K
  class space    used 12565K, committed 12992K, reserved 1048576K
}
Event: 10.128 GC heap before
{Heap before GC invocations=24 (full 0):
 garbage-first heap   total 147456K, used 131911K [0x0000000083600000, 0x0000000100000000)
  region size 1024K, 70 young (71680K), 7 survivors (7168K)
 Metaspace       used 93605K, committed 94592K, reserved 1179648K
  class space    used 12695K, committed 13184K, reserved 1048576K
}
Event: 10.136 GC heap after
{Heap after GC invocations=25 (full 0):
 garbage-first heap   total 177152K, used 69793K [0x0000000083600000, 0x0000000100000000)
  region size 1024K, 7 young (7168K), 7 survivors (7168K)
 Metaspace       used 93605K, committed 94592K, reserved 1179648K
  class space    used 12695K, committed 13184K, reserved 1048576K
}

