# JRE version: Java(TM) SE Runtime Environment (21.0.6+8) (build 21.0.6+8-LTS-188)
# Java VM: Java HotSpot(TM) 64-Bit Server VM (21.0.6+8-LTS-188, mixed mode, sharing, tiered, compressed oops, compressed class ptrs, g1 gc, windows-amd64)
GC Precious Log:
 CardTable entry size: 512
 Card Set container configuration: InlinePtr #cards 5 size 8 Array Of Cards #cards 12 size 40 Howl #buckets 4 coarsen threshold 1843 Howl Bitmap #cards 512 size 80 coarsen threshold 460 Card regions per heap region 1 cards per card region 2048
 CPUs: 16 total, 16 available
 Memory: 7968M
 Large Page Support: Disabled
 NUMA Support: Disabled
 Compressed Oops: Enabled (32-bit)
 Heap Region Size: 1M
 Heap Min Capacity: 8M
 Heap Initial Capacity: 126M
 Heap Max Capacity: 1994M
 Pre-touch: Disabled
 Parallel Workers: 13
 Concurrent Workers: 3
 Concurrent Refinement Workers: 13
 Periodic GC: Disabled
Heap:
 garbage-first heap   total 145408K, used 98625K [0x0000000083600000, 0x0000000100000000)
  region size 1024K, 35 young (35840K), 7 survivors (7168K)
 Metaspace       used 98935K, committed 100032K, reserved 1179648K
  class space    used 13376K, committed 13888K, reserved 1048576K
GC Heap History (20 events):
Event: 19.013 GC heap before
{Heap before GC invocations=23 (full 0):
 garbage-first heap   total 120832K, used 105047K [0x0000000083600000, 0x0000000100000000)
  region size 1024K, 59 young (60416K), 8 survivors (8192K)
 Metaspace       used 82431K, committed 83200K, reserved 1179648K
  class space    used 10984K, committed 11328K, reserved 1048576K
}
Event: 19.023 GC heap after
{Heap after GC invocations=24 (full 0):
 garbage-first heap   total 120832K, used 54861K [0x0000000083600000, 0x0000000100000000)
  region size 1024K, 4 young (4096K), 4 survivors (4096K)
 Metaspace       used 82431K, committed 83200K, reserved 1179648K
  class space    used 10984K, committed 11328K, reserved 1048576K
}
Event: 19.446 GC heap before
{Heap before GC invocations=24 (full 0):
 garbage-first heap   total 120832K, used 108109K [0x0000000083600000, 0x0000000100000000)
  region size 1024K, 56 young (57344K), 4 survivors (4096K)
 Metaspace       used 83265K, committed 84096K, reserved 1179648K
  class space    used 11089K, committed 11456K, reserved 1048576K
}
Event: 19.451 GC heap after
{Heap after GC invocations=25 (full 0):
 garbage-first heap   total 120832K, used 56432K [0x0000000083600000, 0x0000000100000000)
  region size 1024K, 5 young (5120K), 5 survivors (5120K)
 Metaspace       used 83265K, committed 84096K, reserved 1179648K
  class space    used 11089K, committed 11456K, reserved 1048576K
}
Event: 19.938 GC heap before
{Heap before GC invocations=26 (full 0):
 garbage-first heap   total 120832K, used 107632K [0x0000000083600000, 0x0000000100000000)
  region size 1024K, 55 young (56320K), 5 survivors (5120K)
 Metaspace       used 84430K, committed 85248K, reserved 1179648K
  class space    used 11260K, committed 11648K, reserved 1048576K
}
Event: 19.947 GC heap after
{Heap after GC invocations=27 (full 0):
 garbage-first heap   total 120832K, used 58709K [0x0000000083600000, 0x0000000100000000)
  region size 1024K, 5 young (5120K), 5 survivors (5120K)
 Metaspace       used 84430K, committed 85248K, reserved 1179648K
  class space    used 11260K, committed 11648K, reserved 1048576K
}
Event: 20.323 GC heap before
{Heap before GC invocations=27 (full 0):
 garbage-first heap   total 120832K, used 107861K [0x0000000083600000, 0x0000000100000000)
  region size 1024K, 53 young (54272K), 5 survivors (5120K)
 Metaspace       used 85699K, committed 86528K, reserved 1179648K
  class space    used 11470K, committed 11840K, reserved 1048576K
}
Event: 20.330 GC heap after
{Heap after GC invocations=28 (full 0):
 garbage-first heap   total 120832K, used 59792K [0x0000000083600000, 0x0000000100000000)
  region size 1024K, 5 young (5120K), 5 survivors (5120K)
 Metaspace       used 85699K, committed 86528K, reserved 1179648K
  class space    used 11470K, committed 11840K, reserved 1048576K
}
Event: 20.656 GC heap before
{Heap before GC invocations=28 (full 0):
 garbage-first heap   total 120832K, used 106896K [0x0000000083600000, 0x0000000100000000)
  region size 1024K, 51 young (52224K), 5 survivors (5120K)
 Metaspace       used 86179K, committed 86976K, reserved 1179648K
  class space    used 11544K, committed 11904K, reserved 1048576K
}
Event: 20.664 GC heap after
{Heap after GC invocations=29 (full 0):
 garbage-first heap   total 145408K, used 61444K [0x0000000083600000, 0x0000000100000000)
  region size 1024K, 4 young (4096K), 4 survivors (4096K)
 Metaspace       used 86179K, committed 86976K, reserved 1179648K
  class space    used 11544K, committed 11904K, reserved 1048576K
}
Event: 21.289 GC heap before
{Heap before GC invocations=30 (full 0):
 garbage-first heap   total 145408K, used 132100K [0x0000000083600000, 0x0000000100000000)
  region size 1024K, 73 young (74752K), 4 survivors (4096K)
 Metaspace       used 87075K, committed 88000K, reserved 1179648K
  class space    used 11688K, committed 12096K, reserved 1048576K
}
Event: 21.295 GC heap after
{Heap after GC invocations=31 (full 0):
 garbage-first heap   total 145408K, used 63607K [0x0000000083600000, 0x0000000100000000)
  region size 1024K, 6 young (6144K), 6 survivors (6144K)
 Metaspace       used 87075K, committed 88000K, reserved 1179648K
  class space    used 11688K, committed 12096K, reserved 1048576K
}
Event: 21.873 GC heap before
{Heap before GC invocations=31 (full 0):
 garbage-first heap   total 145408K, used 130167K [0x0000000083600000, 0x0000000100000000)
  region size 1024K, 71 young (72704K), 6 survivors (6144K)
 Metaspace       used 89527K, committed 90496K, reserved 1179648K
  class space    used 12049K, committed 12480K, reserved 1048576K
}
Event: 21.882 GC heap after
{Heap after GC invocations=32 (full 0):
 garbage-first heap   total 145408K, used 65529K [0x0000000083600000, 0x0000000100000000)
  region size 1024K, 7 young (7168K), 7 survivors (7168K)
 Metaspace       used 89527K, committed 90496K, reserved 1179648K
  class space    used 12049K, committed 12480K, reserved 1048576K
}
Event: 22.435 GC heap before
{Heap before GC invocations=32 (full 0):
 garbage-first heap   total 145408K, used 129017K [0x0000000083600000, 0x0000000100000000)
  region size 1024K, 69 young (70656K), 7 survivors (7168K)
 Metaspace       used 91388K, committed 92288K, reserved 1179648K
  class space    used 12327K, committed 12736K, reserved 1048576K
}
Event: 22.447 GC heap after
{Heap after GC invocations=33 (full 0):
 garbage-first heap   total 145408K, used 68354K [0x0000000083600000, 0x0000000100000000)
  region size 1024K, 6 young (6144K), 6 survivors (6144K)
 Metaspace       used 91388K, committed 92288K, reserved 1179648K
  class space    used 12327K, committed 12736K, reserved 1048576K
}
Event: 23.414 GC heap before
{Heap before GC invocations=34 (full 0):
 garbage-first heap   total 145408K, used 130818K [0x0000000083600000, 0x0000000100000000)
  region size 1024K, 67 young (68608K), 6 survivors (6144K)
 Metaspace       used 91930K, committed 92864K, reserved 1179648K
  class space    used 12419K, committed 12864K, reserved 1048576K
}
Event: 23.422 GC heap after
{Heap after GC invocations=35 (full 0):
 garbage-first heap   total 145408K, used 70386K [0x0000000083600000, 0x0000000100000000)
  region size 1024K, 5 young (5120K), 5 survivors (5120K)
 Metaspace       used 91930K, committed 92864K, reserved 1179648K
  class space    used 12419K, committed 12864K, reserved 1048576K
}
Event: 24.230 GC heap before
{Heap before GC invocations=35 (full 0):
 garbage-first heap   total 145408K, used 131826K [0x0000000083600000, 0x0000000100000000)
  region size 1024K, 65 young (66560K), 5 survivors (5120K)
 Metaspace       used 94258K, committed 95232K, reserved 1179648K
  class space    used 12756K, committed 13184K, reserved 1048576K
}
Event: 24.238 GC heap after
{Heap after GC invocations=36 (full 0):
 garbage-first heap   total 145408K, used 72001K [0x0000000083600000, 0x0000000100000000)
  region size 1024K, 7 young (7168K), 7 survivors (7168K)
 Metaspace       used 94258K, committed 95232K, reserved 1179648K
  class space    used 12756K, committed 13184K, reserved 1048576K
}

