# JRE version: Java(TM) SE Runtime Environment (21.0.6+8) (build 21.0.6+8-LTS-188)
# Java VM: Java HotSpot(TM) 64-Bit Server VM (21.0.6+8-LTS-188, mixed mode, sharing, tiered, compressed oops, compressed class ptrs, g1 gc, windows-amd64)
GC Precious Log:
 CardTable entry size: 512
 Card Set container configuration: InlinePtr #cards 5 size 8 Array Of Cards #cards 12 size 40 Howl #buckets 4 coarsen threshold 1843 Howl Bitmap #cards 512 size 80 coarsen threshold 460 Card regions per heap region 1 cards per card region 2048
 CPUs: 16 total, 16 available
 Memory: 7968M
 Large Page Support: Disabled
 NUMA Support: Disabled
 Compressed Oops: Enabled (32-bit)
 Heap Region Size: 1M
 Heap Min Capacity: 8M
 Heap Initial Capacity: 126M
 Heap Max Capacity: 1994M
 Pre-touch: Disabled
 Parallel Workers: 13
 Concurrent Workers: 3
 Concurrent Refinement Workers: 13
 Periodic GC: Disabled
Heap:
 garbage-first heap   total 109568K, used 92769K [0x0000000083600000, 0x0000000100000000)
  region size 1024K, 56 young (57344K), 2 survivors (2048K)
 Metaspace       used 71959K, committed 72896K, reserved 1114112K
  class space    used 8815K, committed 9408K, reserved 1048576K
GC Heap History (20 events):
Event: 82420.029 GC heap before
{Heap before GC invocations=50 (full 0):
 garbage-first heap   total 78848K, used 69676K [0x0000000083600000, 0x0000000100000000)
  region size 1024K, 32 young (32768K), 2 survivors (2048K)
 Metaspace       used 71774K, committed 72768K, reserved 1114112K
  class space    used 8814K, committed 9408K, reserved 1048576K
}
Event: 82420.069 GC heap after
{Heap after GC invocations=51 (full 0):
 garbage-first heap   total 78848K, used 40086K [0x0000000083600000, 0x0000000100000000)
  region size 1024K, 3 young (3072K), 3 survivors (3072K)
 Metaspace       used 71774K, committed 72768K, reserved 1114112K
  class space    used 8814K, committed 9408K, reserved 1048576K
}
Event: 83332.459 GC heap before
{Heap before GC invocations=51 (full 0):
 garbage-first heap   total 78848K, used 67734K [0x0000000083600000, 0x0000000100000000)
  region size 1024K, 31 young (31744K), 3 survivors (3072K)
 Metaspace       used 71778K, committed 72768K, reserved 1114112K
  class space    used 8814K, committed 9408K, reserved 1048576K
}
Event: 83332.530 GC heap after
{Heap after GC invocations=52 (full 0):
 garbage-first heap   total 78848K, used 39712K [0x0000000083600000, 0x0000000100000000)
  region size 1024K, 3 young (3072K), 3 survivors (3072K)
 Metaspace       used 71778K, committed 72768K, reserved 1114112K
  class space    used 8814K, committed 9408K, reserved 1048576K
}
Event: 84295.233 GC heap before
{Heap before GC invocations=52 (full 0):
 garbage-first heap   total 78848K, used 68384K [0x0000000083600000, 0x0000000100000000)
  region size 1024K, 32 young (32768K), 3 survivors (3072K)
 Metaspace       used 71781K, committed 72768K, reserved 1114112K
  class space    used 8815K, committed 9408K, reserved 1048576K
}
Event: 84295.350 GC heap after
{Heap after GC invocations=53 (full 0):
 garbage-first heap   total 78848K, used 39733K [0x0000000083600000, 0x0000000100000000)
  region size 1024K, 3 young (3072K), 3 survivors (3072K)
 Metaspace       used 71781K, committed 72768K, reserved 1114112K
  class space    used 8815K, committed 9408K, reserved 1048576K
}
Event: 84866.993 GC heap before
{Heap before GC invocations=54 (full 0):
 garbage-first heap   total 78848K, used 68405K [0x0000000083600000, 0x0000000100000000)
  region size 1024K, 32 young (32768K), 3 survivors (3072K)
 Metaspace       used 71875K, committed 72832K, reserved 1114112K
  class space    used 8815K, committed 9408K, reserved 1048576K
}
Event: 84867.053 GC heap after
{Heap after GC invocations=55 (full 0):
 garbage-first heap   total 78848K, used 39596K [0x0000000083600000, 0x0000000100000000)
  region size 1024K, 2 young (2048K), 2 survivors (2048K)
 Metaspace       used 71875K, committed 72832K, reserved 1114112K
  class space    used 8815K, committed 9408K, reserved 1048576K
}
Event: 85669.358 GC heap before
{Heap before GC invocations=55 (full 0):
 garbage-first heap   total 78848K, used 70316K [0x0000000083600000, 0x0000000100000000)
  region size 1024K, 33 young (33792K), 2 survivors (2048K)
 Metaspace       used 71888K, committed 72832K, reserved 1114112K
  class space    used 8815K, committed 9408K, reserved 1048576K
}
Event: 85669.446 GC heap after
{Heap after GC invocations=56 (full 0):
 garbage-first heap   total 78848K, used 39372K [0x0000000083600000, 0x0000000100000000)
  region size 1024K, 2 young (2048K), 2 survivors (2048K)
 Metaspace       used 71888K, committed 72832K, reserved 1114112K
  class space    used 8815K, committed 9408K, reserved 1048576K
}
Event: 86481.615 GC heap before
{Heap before GC invocations=56 (full 0):
 garbage-first heap   total 78848K, used 70092K [0x0000000083600000, 0x0000000100000000)
  region size 1024K, 33 young (33792K), 2 survivors (2048K)
 Metaspace       used 71899K, committed 72896K, reserved 1114112K
  class space    used 8815K, committed 9408K, reserved 1048576K
}
Event: 86481.741 GC heap after
{Heap after GC invocations=57 (full 0):
 garbage-first heap   total 78848K, used 39380K [0x0000000083600000, 0x0000000100000000)
  region size 1024K, 2 young (2048K), 2 survivors (2048K)
 Metaspace       used 71899K, committed 72896K, reserved 1114112K
  class space    used 8815K, committed 9408K, reserved 1048576K
}
Event: 87384.308 GC heap before
{Heap before GC invocations=58 (full 0):
 garbage-first heap   total 78848K, used 70100K [0x0000000083600000, 0x0000000100000000)
  region size 1024K, 33 young (33792K), 2 survivors (2048K)
 Metaspace       used 71944K, committed 72896K, reserved 1114112K
  class space    used 8817K, committed 9408K, reserved 1048576K
}
Event: 87384.365 GC heap after
{Heap after GC invocations=59 (full 0):
 garbage-first heap   total 109568K, used 39466K [0x0000000083600000, 0x0000000100000000)
  region size 1024K, 2 young (2048K), 2 survivors (2048K)
 Metaspace       used 71944K, committed 72896K, reserved 1114112K
  class space    used 8817K, committed 9408K, reserved 1048576K
}
Event: 89827.544 GC heap before
{Heap before GC invocations=59 (full 0):
 garbage-first heap   total 109568K, used 98858K [0x0000000083600000, 0x0000000100000000)
  region size 1024K, 61 young (62464K), 2 survivors (2048K)
 Metaspace       used 71947K, committed 72896K, reserved 1114112K
  class space    used 8818K, committed 9408K, reserved 1048576K
}
Event: 89827.632 GC heap after
{Heap after GC invocations=60 (full 0):
 garbage-first heap   total 109568K, used 39242K [0x0000000083600000, 0x0000000100000000)
  region size 1024K, 2 young (2048K), 2 survivors (2048K)
 Metaspace       used 71947K, committed 72896K, reserved 1114112K
  class space    used 8818K, committed 9408K, reserved 1048576K
}
Event: 92128.970 GC heap before
{Heap before GC invocations=60 (full 0):
 garbage-first heap   total 109568K, used 99658K [0x0000000083600000, 0x0000000100000000)
  region size 1024K, 62 young (63488K), 2 survivors (2048K)
 Metaspace       used 71949K, committed 72896K, reserved 1114112K
  class space    used 8818K, committed 9408K, reserved 1048576K
}
Event: 92129.063 GC heap after
{Heap after GC invocations=61 (full 0):
 garbage-first heap   total 109568K, used 39366K [0x0000000083600000, 0x0000000100000000)
  region size 1024K, 2 young (2048K), 2 survivors (2048K)
 Metaspace       used 71949K, committed 72896K, reserved 1114112K
  class space    used 8818K, committed 9408K, reserved 1048576K
}
Event: 156269.091 GC heap before
{Heap before GC invocations=62 (full 0):
 garbage-first heap   total 109568K, used 98758K [0x0000000083600000, 0x0000000100000000)
  region size 1024K, 61 young (62464K), 2 survivors (2048K)
 Metaspace       used 71941K, committed 72896K, reserved 1114112K
  class space    used 8814K, committed 9408K, reserved 1048576K
}
Event: 156269.238 GC heap after
{Heap after GC invocations=63 (full 0):
 garbage-first heap   total 109568K, used 39521K [0x0000000083600000, 0x0000000100000000)
  region size 1024K, 2 young (2048K), 2 survivors (2048K)
 Metaspace       used 71941K, committed 72896K, reserved 1114112K
  class space    used 8814K, committed 9408K, reserved 1048576K
}

