# JRE version: OpenJDK Runtime Environment Temurin-23+37 (23.0+37) (build 23+37)
# Java VM: OpenJDK 64-Bit Server VM Temurin-23+37 (23+37, mixed mode, sharing, tiered, compressed oops, compressed class ptrs, g1 gc, windows-amd64)
GC Precious Log:
 CardTable entry size: 512
 Card Set container configuration: InlinePtr #cards 5 size 8 Array Of Cards #cards 10 size 36 Howl #buckets 4 coarsen threshold 1843 Howl Bitmap #cards 512 size 80 coarsen threshold 460 Card regions per heap region 1 cards per card region 2048
 CPUs: 16 total, 16 available
 Memory: 7968M
 Large Page Support: Disabled
 NUMA Support: Disabled
 Compressed Oops: Enabled (32-bit)
 Heap Region Size: 1M
 Heap Min Capacity: 8M
 Heap Initial Capacity: 126M
 Heap Max Capacity: 1994M
 Pre-touch: Disabled
 Parallel Workers: 13
 Concurrent Workers: 3
 Concurrent Refinement Workers: 13
 Periodic GC: Disabled
Heap:
 garbage-first heap   total reserved 2041856K, committed 91136K, used 72782K [0x0000000083600000, 0x0000000100000000)
  region size 1024K, 37 young (37888K), 4 survivors (4096K)
 Metaspace       used 75983K, committed 76480K, reserved 1179648K
  class space    used 10607K, committed 10816K, reserved 1048576K
GC Heap History (20 events):
Event: 1.982 GC heap before
{Heap before GC invocations=1 (full 0):
 garbage-first heap   total reserved 2041856K, committed 129024K, used 35506K [0x0000000083600000, 0x0000000100000000)
  region size 1024K, 22 young (22528K), 3 survivors (3072K)
 Metaspace       used 9729K, committed 9984K, reserved 1114112K
  class space    used 1203K, committed 1344K, reserved 1048576K
}
Event: 1.985 GC heap after
{Heap after GC invocations=2 (full 0):
 garbage-first heap   total reserved 2041856K, committed 129024K, used 18072K [0x0000000083600000, 0x0000000100000000)
  region size 1024K, 2 young (2048K), 2 survivors (2048K)
 Metaspace       used 9729K, committed 9984K, reserved 1114112K
  class space    used 1203K, committed 1344K, reserved 1048576K
}
Event: 6.282 GC heap before
{Heap before GC invocations=2 (full 0):
 garbage-first heap   total reserved 2041856K, committed 129024K, used 67224K [0x0000000083600000, 0x0000000100000000)
  region size 1024K, 50 young (51200K), 2 survivors (2048K)
 Metaspace       used 18847K, committed 19136K, reserved 1114112K
  class space    used 2348K, committed 2496K, reserved 1048576K
}
Event: 6.290 GC heap after
{Heap after GC invocations=3 (full 0):
 garbage-first heap   total reserved 2041856K, committed 129024K, used 22773K [0x0000000083600000, 0x0000000100000000)
  region size 1024K, 7 young (7168K), 7 survivors (7168K)
 Metaspace       used 18847K, committed 19136K, reserved 1114112K
  class space    used 2348K, committed 2496K, reserved 1048576K
}
Event: 9.761 GC heap before
{Heap before GC invocations=3 (full 0):
 garbage-first heap   total reserved 2041856K, committed 129024K, used 35061K [0x0000000083600000, 0x0000000100000000)
  region size 1024K, 20 young (20480K), 7 survivors (7168K)
 Metaspace       used 21219K, committed 21504K, reserved 1114112K
  class space    used 2632K, committed 2752K, reserved 1048576K
}
Event: 9.777 GC heap after
{Heap after GC invocations=4 (full 0):
 garbage-first heap   total reserved 2041856K, committed 129024K, used 24853K [0x0000000083600000, 0x0000000100000000)
  region size 1024K, 2 young (2048K), 2 survivors (2048K)
 Metaspace       used 21219K, committed 21504K, reserved 1114112K
  class space    used 2632K, committed 2752K, reserved 1048576K
}
Event: 11.105 GC heap before
{Heap before GC invocations=5 (full 0):
 garbage-first heap   total reserved 2041856K, committed 86016K, used 82197K [0x0000000083600000, 0x0000000100000000)
  region size 1024K, 59 young (60416K), 2 survivors (2048K)
 Metaspace       used 31796K, committed 32192K, reserved 1114112K
  class space    used 4171K, committed 4352K, reserved 1048576K
}
Event: 11.113 GC heap after
{Heap after GC invocations=6 (full 0):
 garbage-first heap   total reserved 2041856K, committed 91136K, used 30185K [0x0000000083600000, 0x0000000100000000)
  region size 1024K, 7 young (7168K), 7 survivors (7168K)
 Metaspace       used 31796K, committed 32192K, reserved 1114112K
  class space    used 4171K, committed 4352K, reserved 1048576K
}
Event: 11.423 GC heap before
{Heap before GC invocations=6 (full 0):
 garbage-first heap   total reserved 2041856K, committed 91136K, used 50665K [0x0000000083600000, 0x0000000100000000)
  region size 1024K, 29 young (29696K), 7 survivors (7168K)
 Metaspace       used 35695K, committed 36096K, reserved 1114112K
  class space    used 4769K, committed 4992K, reserved 1048576K
}
Event: 11.431 GC heap after
{Heap after GC invocations=7 (full 0):
 garbage-first heap   total reserved 2041856K, committed 91136K, used 31364K [0x0000000083600000, 0x0000000100000000)
  region size 1024K, 2 young (2048K), 2 survivors (2048K)
 Metaspace       used 35695K, committed 36096K, reserved 1114112K
  class space    used 4769K, committed 4992K, reserved 1048576K
}
Event: 11.475 GC heap before
{Heap before GC invocations=7 (full 0):
 garbage-first heap   total reserved 2041856K, committed 91136K, used 33412K [0x0000000083600000, 0x0000000100000000)
  region size 1024K, 5 young (5120K), 2 survivors (2048K)
 Metaspace       used 36015K, committed 36416K, reserved 1114112K
  class space    used 4830K, committed 4992K, reserved 1048576K
}
Event: 11.477 GC heap after
{Heap after GC invocations=8 (full 0):
 garbage-first heap   total reserved 2041856K, committed 91136K, used 31328K [0x0000000083600000, 0x0000000100000000)
  region size 1024K, 2 young (2048K), 2 survivors (2048K)
 Metaspace       used 36015K, committed 36416K, reserved 1114112K
  class space    used 4830K, committed 4992K, reserved 1048576K
}
Event: 12.917 GC heap before
{Heap before GC invocations=9 (full 0):
 garbage-first heap   total reserved 2041856K, committed 91136K, used 69216K [0x0000000083600000, 0x0000000100000000)
  region size 1024K, 40 young (40960K), 2 survivors (2048K)
 Metaspace       used 43753K, committed 44224K, reserved 1114112K
  class space    used 5813K, committed 6016K, reserved 1048576K
}
Event: 12.921 GC heap after
{Heap after GC invocations=10 (full 0):
 garbage-first heap   total reserved 2041856K, committed 91136K, used 34274K [0x0000000083600000, 0x0000000100000000)
  region size 1024K, 5 young (5120K), 5 survivors (5120K)
 Metaspace       used 43753K, committed 44224K, reserved 1114112K
  class space    used 5813K, committed 6016K, reserved 1048576K
}
Event: 13.647 GC heap before
{Heap before GC invocations=10 (full 0):
 garbage-first heap   total reserved 2041856K, committed 91136K, used 72162K [0x0000000083600000, 0x0000000100000000)
  region size 1024K, 43 young (44032K), 5 survivors (5120K)
 Metaspace       used 51067K, committed 51520K, reserved 1114112K
  class space    used 6788K, committed 6976K, reserved 1048576K
}
Event: 13.652 GC heap after
{Heap after GC invocations=11 (full 0):
 garbage-first heap   total reserved 2041856K, committed 91136K, used 36596K [0x0000000083600000, 0x0000000100000000)
  region size 1024K, 6 young (6144K), 6 survivors (6144K)
 Metaspace       used 51067K, committed 51520K, reserved 1114112K
  class space    used 6788K, committed 6976K, reserved 1048576K
}
Event: 14.364 GC heap before
{Heap before GC invocations=11 (full 0):
 garbage-first heap   total reserved 2041856K, committed 91136K, used 73460K [0x0000000083600000, 0x0000000100000000)
  region size 1024K, 43 young (44032K), 6 survivors (6144K)
 Metaspace       used 60412K, committed 60928K, reserved 1114112K
  class space    used 8220K, committed 8448K, reserved 1048576K
}
Event: 14.369 GC heap after
{Heap after GC invocations=12 (full 0):
 garbage-first heap   total reserved 2041856K, committed 91136K, used 38578K [0x0000000083600000, 0x0000000100000000)
  region size 1024K, 5 young (5120K), 5 survivors (5120K)
 Metaspace       used 60412K, committed 60928K, reserved 1114112K
  class space    used 8220K, committed 8448K, reserved 1048576K
}
Event: 15.110 GC heap before
{Heap before GC invocations=13 (full 0):
 garbage-first heap   total reserved 2041856K, committed 91136K, used 77490K [0x0000000083600000, 0x0000000100000000)
  region size 1024K, 43 young (44032K), 5 survivors (5120K)
 Metaspace       used 71079K, committed 71680K, reserved 1114112K
  class space    used 9951K, committed 10176K, reserved 1048576K
}
Event: 15.119 GC heap after
{Heap after GC invocations=14 (full 0):
 garbage-first heap   total reserved 2041856K, committed 91136K, used 40014K [0x0000000083600000, 0x0000000100000000)
  region size 1024K, 4 young (4096K), 4 survivors (4096K)
 Metaspace       used 71079K, committed 71680K, reserved 1114112K
  class space    used 9951K, committed 10176K, reserved 1048576K
}

